#
# There is insufficient memory for the Java Runtime Environment to continue.
# Native memory allocation (malloc) failed to allocate 807456 bytes. Error detail: Chunk::new
# Possible reasons:
#   The system is out of physical RAM or swap space
#   This process is running with CompressedOops enabled, and the Java Heap may be blocking the growth of the native heap
# Possible solutions:
#   Reduce memory load on the system
#   Increase physical memory or swap space
#   Check if swap backing store is full
#   Decrease Java heap size (-Xmx/-Xms)
#   Decrease number of Java threads
#   Decrease Java thread stack sizes (-Xss)
#   Set larger code cache with -XX:ReservedCodeCacheSize=
#   JVM is running with Unscaled Compressed Oops mode in which the Java heap is
#     placed in the first 4GB address space. The Java Heap base address is the
#     maximum limit for the native heap growth. Please use -XX:HeapBaseMinAddress
#     to set the Java Heap base and to place the Java Heap above 4GB virtual address.
# This output file may be truncated or incomplete.
#
#  Out of Memory Error (arena.cpp:191), pid=46104, tid=24472
#
# JRE version: OpenJDK Runtime Environment Temurin-17.0.13+11 (17.0.13+11) (build 17.0.13+11)
# Java VM: OpenJDK 64-Bit Server VM Temurin-17.0.13+11 (17.0.13+11, mixed mode, tiered, compressed oops, compressed class ptrs, parallel gc, windows-amd64)
# No core dump will be written. Minidumps are not enabled by default on client versions of Windows
#

---------------  S U M M A R Y ------------

Command Line: --add-modules=ALL-SYSTEM --add-opens=java.base/java.util=ALL-UNNAMED --add-opens=java.base/java.lang=ALL-UNNAMED --add-opens=java.base/sun.nio.fs=ALL-UNNAMED -Declipse.application=org.eclipse.jdt.ls.core.id1 -Dosgi.bundles.defaultStartLevel=4 -Declipse.product=org.eclipse.jdt.ls.core.product -Djava.import.generatesMetadataFilesAtProjectRoot=false -DDetectVMInstallationsJob.disabled=true -Dfile.encoding=utf8 -XX:+UseParallelGC -XX:GCTimeRatio=4 -XX:AdaptiveSizePolicyWeight=90 -Dsun.zip.disableMemoryMapping=true -Xmx1G -Xms100m -Xlog:disable -javaagent:c:\Users\Alizha\.vscode\extensions\redhat.java-1.37.0-win32-x64\lombok\lombok-1.18.34.jar c:\Users\Alizha\.vscode\extensions\redhat.java-1.37.0-win32-x64\server\plugins\org.eclipse.equinox.launcher_1.6.900.v20240613-2009.jar -configuration c:\Users\Alizha\AppData\Roaming\Code\User\globalStorage\redhat.java\1.37.0\config_ss_win -data c:\Users\Alizha\AppData\Roaming\Code\User\workspaceStorage\b933b82a6e2ba089fa415a10e976fc02\redhat.java\ss_ws --pipe=\\.\pipe\lsp-b671f2422a8c61cca59af1f4e5d3a91d-sock

Host: AMD Ryzen 5 5500U with Radeon Graphics         , 12 cores, 5G,  Windows 11 , 64 bit Build 22621 (10.0.22621.3672)
Time: Sun Dec  8 23:04:16 2024 SE Asia Standard Time elapsed time: 45.943610 seconds (0d 0h 0m 45s)

---------------  T H R E A D  ---------------

Current thread (0x0000023b1a45ca70):  JavaThread "C2 CompilerThread1" daemon [_thread_in_native, id=24472, stack(0x00000079a1a00000,0x00000079a1b00000)]


Current CompileTask:
C2:  45943 11431       4       org.eclipse.jdt.internal.compiler.lookup.BinaryTypeBinding::createMethod (1724 bytes)

Stack: [0x00000079a1a00000,0x00000079a1b00000]
Native frames: (J=compiled Java code, j=interpreted, Vv=VM code, C=native code)
V  [jvm.dll+0x682a19]
V  [jvm.dll+0x839538]
V  [jvm.dll+0x83afe3]
V  [jvm.dll+0x83b653]
V  [jvm.dll+0x24704f]
V  [jvm.dll+0xace34]
V  [jvm.dll+0xad4cc]
V  [jvm.dll+0x2ac84f]
V  [jvm.dll+0x588a79]
V  [jvm.dll+0x220ea2]
V  [jvm.dll+0x219d7c]
V  [jvm.dll+0x21738b]
V  [jvm.dll+0x1a3070]
V  [jvm.dll+0x22788c]
V  [jvm.dll+0x2259eb]
V  [jvm.dll+0x7eec98]
V  [jvm.dll+0x7e8ffc]
V  [jvm.dll+0x6818f7]
C  [ucrtbase.dll+0x29333]
C  [KERNEL32.DLL+0x1257d]
C  [ntdll.dll+0x5af28]


---------------  P R O C E S S  ---------------

Threads class SMR info:
_java_thread_list=0x0000023b16483200, length=58, elements={
0x0000023b75a6ea20, 0x0000023b7cb65020, 0x0000023b77d8b250, 0x0000023b7cb6d2e0,
0x0000023b7cb6de10, 0x0000023b7dc267a0, 0x0000023b7dc2b840, 0x0000023b7dc2e0c0,
0x0000023b7dc2e9d0, 0x0000023b7dc345d0, 0x0000023b7dd4f030, 0x0000023b7df15710,
0x0000023b7f9869d0, 0x0000023b1305f4c0, 0x0000023b7fa27940, 0x0000023b7fa49ac0,
0x0000023b1319a6b0, 0x0000023b1319abc0, 0x0000023b13197920, 0x0000023b13198d60,
0x0000023b1319a1a0, 0x0000023b1319b0d0, 0x0000023b13197e30, 0x0000023b13198340,
0x0000023b13198850, 0x0000023b13199270, 0x0000023b13199780, 0x0000023b135d6270,
0x0000023b135d5d60, 0x0000023b135d5340, 0x0000023b135d9f30, 0x0000023b135d85e0,
0x0000023b135d4410, 0x0000023b135d5850, 0x0000023b135d6780, 0x0000023b135d6c90,
0x0000023b135d8af0, 0x0000023b135d71a0, 0x0000023b135db370, 0x0000023b135db880,
0x0000023b135d9a20, 0x0000023b135d4e30, 0x0000023b135d76b0, 0x0000023b135d9510,
0x0000023b135dae60, 0x0000023b135d4920, 0x0000023b7f86c7b0, 0x0000023b7f86dbf0,
0x0000023b7f868af0, 0x0000023b7f86b370, 0x0000023b7f869510, 0x0000023b7f86e610,
0x0000023b7f86a440, 0x0000023b7f869f30, 0x0000023b7f86bd90, 0x0000023b7f86fa50,
0x0000023b7f86ff60, 0x0000023b1a45ca70
}

Java Threads: ( => current thread )
  0x0000023b75a6ea20 JavaThread "main" [_thread_blocked, id=19192, stack(0x000000799d300000,0x000000799d400000)]
  0x0000023b7cb65020 JavaThread "Reference Handler" daemon [_thread_blocked, id=39104, stack(0x000000799d600000,0x000000799d700000)]
  0x0000023b77d8b250 JavaThread "Finalizer" daemon [_thread_blocked, id=15536, stack(0x000000799d700000,0x000000799d800000)]
  0x0000023b7cb6d2e0 JavaThread "Signal Dispatcher" daemon [_thread_blocked, id=24000, stack(0x000000799d800000,0x000000799d900000)]
  0x0000023b7cb6de10 JavaThread "Attach Listener" daemon [_thread_blocked, id=50568, stack(0x000000799d900000,0x000000799da00000)]
  0x0000023b7dc267a0 JavaThread "Service Thread" daemon [_thread_blocked, id=46584, stack(0x000000799da00000,0x000000799db00000)]
  0x0000023b7dc2b840 JavaThread "Monitor Deflation Thread" daemon [_thread_blocked, id=18236, stack(0x000000799db00000,0x000000799dc00000)]
  0x0000023b7dc2e0c0 JavaThread "C2 CompilerThread0" daemon [_thread_in_native, id=37740, stack(0x000000799dc00000,0x000000799dd00000)]
  0x0000023b7dc2e9d0 JavaThread "C1 CompilerThread0" daemon [_thread_blocked, id=26024, stack(0x000000799dd00000,0x000000799de00000)]
  0x0000023b7dc345d0 JavaThread "Sweeper thread" daemon [_thread_blocked, id=47624, stack(0x000000799de00000,0x000000799df00000)]
  0x0000023b7dd4f030 JavaThread "Common-Cleaner" daemon [_thread_blocked, id=13936, stack(0x000000799df00000,0x000000799e000000)]
  0x0000023b7df15710 JavaThread "Notification Thread" daemon [_thread_blocked, id=48132, stack(0x000000799e000000,0x000000799e100000)]
  0x0000023b7f9869d0 JavaThread "Active Thread: Equinox Container: ac1b4944-16bb-4527-8b84-7b8d6c65d870" [_thread_blocked, id=15544, stack(0x000000799e800000,0x000000799e900000)]
  0x0000023b1305f4c0 JavaThread "Framework Event Dispatcher: Equinox Container: ac1b4944-16bb-4527-8b84-7b8d6c65d870" daemon [_thread_blocked, id=28420, stack(0x000000799e900000,0x000000799ea00000)]
  0x0000023b7fa27940 JavaThread "Start Level: Equinox Container: ac1b4944-16bb-4527-8b84-7b8d6c65d870" daemon [_thread_blocked, id=2060, stack(0x000000799ea00000,0x000000799eb00000)]
  0x0000023b7fa49ac0 JavaThread "SCR Component Actor" daemon [_thread_blocked, id=49656, stack(0x000000799eb00000,0x000000799ec00000)]
  0x0000023b1319a6b0 JavaThread "Worker-JM" [_thread_blocked, id=11704, stack(0x000000799ee00000,0x000000799ef00000)]
  0x0000023b1319abc0 JavaThread "JNA Cleaner" daemon [_thread_blocked, id=24244, stack(0x000000799f100000,0x000000799f200000)]
  0x0000023b13197920 JavaThread "Worker-0" [_thread_blocked, id=35024, stack(0x000000799f200000,0x000000799f300000)]
  0x0000023b13198d60 JavaThread "Worker-1" [_thread_blocked, id=8572, stack(0x000000799f300000,0x000000799f400000)]
  0x0000023b1319a1a0 JavaThread "Thread-2" daemon [_thread_in_native, id=49476, stack(0x000000799f400000,0x000000799f500000)]
  0x0000023b1319b0d0 JavaThread "Thread-3" daemon [_thread_in_native, id=40976, stack(0x000000799f500000,0x000000799f600000)]
  0x0000023b13197e30 JavaThread "Thread-4" daemon [_thread_in_native, id=29516, stack(0x000000799f600000,0x000000799f700000)]
  0x0000023b13198340 JavaThread "Thread-5" daemon [_thread_in_native, id=30972, stack(0x000000799f700000,0x000000799f800000)]
  0x0000023b13198850 JavaThread "Thread-6" daemon [_thread_in_native, id=28728, stack(0x000000799f800000,0x000000799f900000)]
  0x0000023b13199270 JavaThread "Thread-7" daemon [_thread_in_native, id=29320, stack(0x000000799f900000,0x000000799fa00000)]
  0x0000023b13199780 JavaThread "Thread-8" daemon [_thread_in_native, id=12208, stack(0x000000799fa00000,0x000000799fb00000)]
  0x0000023b135d6270 JavaThread "Thread-9" daemon [_thread_in_native, id=42504, stack(0x000000799fb00000,0x000000799fc00000)]
  0x0000023b135d5d60 JavaThread "Thread-10" daemon [_thread_in_native, id=40656, stack(0x000000799fc00000,0x000000799fd00000)]
  0x0000023b135d5340 JavaThread "Thread-11" daemon [_thread_in_native, id=40676, stack(0x000000799fd00000,0x000000799fe00000)]
  0x0000023b135d9f30 JavaThread "Thread-12" daemon [_thread_in_native, id=11132, stack(0x000000799fe00000,0x000000799ff00000)]
  0x0000023b135d85e0 JavaThread "Thread-13" daemon [_thread_in_native, id=19052, stack(0x000000799ff00000,0x00000079a0000000)]
  0x0000023b135d4410 JavaThread "Thread-14" daemon [_thread_in_native, id=43452, stack(0x00000079a0000000,0x00000079a0100000)]
  0x0000023b135d5850 JavaThread "pool-2-thread-1" [_thread_blocked, id=30608, stack(0x00000079a0100000,0x00000079a0200000)]
  0x0000023b135d6780 JavaThread "WorkspaceEventsHandler" [_thread_blocked, id=17428, stack(0x00000079a0200000,0x00000079a0300000)]
  0x0000023b135d6c90 JavaThread "pool-1-thread-1" [_thread_blocked, id=24356, stack(0x00000079a0300000,0x00000079a0400000)]
  0x0000023b135d8af0 JavaThread "Worker-2" [_thread_blocked, id=22020, stack(0x00000079a0400000,0x00000079a0500000)]
  0x0000023b135d71a0 JavaThread "ForkJoinPool.commonPool-worker-1" daemon [_thread_blocked, id=45548, stack(0x00000079a0500000,0x00000079a0600000)]
  0x0000023b135db370 JavaThread "ForkJoinPool.commonPool-worker-2" daemon [_thread_blocked, id=47372, stack(0x00000079a0600000,0x00000079a0700000)]
  0x0000023b135db880 JavaThread "ForkJoinPool.commonPool-worker-3" daemon [_thread_blocked, id=43372, stack(0x00000079a0700000,0x00000079a0800000)]
  0x0000023b135d9a20 JavaThread "ForkJoinPool.commonPool-worker-4" daemon [_thread_blocked, id=34192, stack(0x00000079a0800000,0x00000079a0900000)]
  0x0000023b135d4e30 JavaThread "ForkJoinPool.commonPool-worker-5" daemon [_thread_blocked, id=37876, stack(0x00000079a0900000,0x00000079a0a00000)]
  0x0000023b135d76b0 JavaThread "ForkJoinPool.commonPool-worker-6" daemon [_thread_blocked, id=49560, stack(0x00000079a0a00000,0x00000079a0b00000)]
  0x0000023b135d9510 JavaThread "ForkJoinPool.commonPool-worker-7" daemon [_thread_blocked, id=35072, stack(0x00000079a0b00000,0x00000079a0c00000)]
  0x0000023b135dae60 JavaThread "ForkJoinPool.commonPool-worker-8" daemon [_thread_blocked, id=2696, stack(0x00000079a0c00000,0x00000079a0d00000)]
  0x0000023b135d4920 JavaThread "ForkJoinPool.commonPool-worker-9" daemon [_thread_blocked, id=17184, stack(0x00000079a0d00000,0x00000079a0e00000)]
  0x0000023b7f86c7b0 JavaThread "pool-1-thread-2" [_thread_in_native, id=40060, stack(0x00000079a0f00000,0x00000079a1000000)]
  0x0000023b7f86dbf0 JavaThread "Compiler Source File Reader" daemon [_thread_blocked, id=26716, stack(0x00000079a1000000,0x00000079a1100000)]
  0x0000023b7f868af0 JavaThread "Compiler Processing Task" daemon [_thread_blocked, id=14852, stack(0x00000079a1100000,0x00000079a1200000)]
  0x0000023b7f86b370 JavaThread "Compiler Source File Reader" daemon [_thread_blocked, id=23032, stack(0x00000079a0e00000,0x00000079a0f00000)]
  0x0000023b7f869510 JavaThread "Compiler Source File Reader" daemon [_thread_blocked, id=29544, stack(0x000000799ed00000,0x000000799ee00000)]
  0x0000023b7f86e610 JavaThread "Compiler Source File Reader" daemon [_thread_blocked, id=50420, stack(0x00000079a1400000,0x00000079a1500000)]
  0x0000023b7f86a440 JavaThread "Compiler Source File Reader" daemon [_thread_blocked, id=30880, stack(0x00000079a1300000,0x00000079a1400000)]
  0x0000023b7f869f30 JavaThread "Thread-15" daemon [_thread_blocked, id=45188, stack(0x00000079a1700000,0x00000079a1800000)]
  0x0000023b7f86bd90 JavaThread "pool-1-thread-3" [_thread_blocked, id=29636, stack(0x00000079a1800000,0x00000079a1900000)]
  0x0000023b7f86fa50 JavaThread "Compiler Source File Reader" daemon [_thread_blocked, id=29644, stack(0x00000079a1900000,0x00000079a1a00000)]
  0x0000023b7f86ff60 JavaThread "Compiler Source File Reader" daemon [_thread_blocked, id=11412, stack(0x00000079a1200000,0x00000079a1300000)]
=>0x0000023b1a45ca70 JavaThread "C2 CompilerThread1" daemon [_thread_in_native, id=24472, stack(0x00000079a1a00000,0x00000079a1b00000)]

Other Threads:
  0x0000023b77d88d00 VMThread "VM Thread" [stack: 0x000000799d500000,0x000000799d600000] [id=48296]
  0x0000023b7df15020 WatcherThread [stack: 0x000000799e100000,0x000000799e200000] [id=22488]
  0x0000023b77cf45e0 GCTaskThread "GC Thread#0" [stack: 0x000000799d400000,0x000000799d500000] [id=3784]
  0x0000023b7f95f870 GCTaskThread "GC Thread#1" [stack: 0x000000799e200000,0x000000799e300000] [id=33096]
  0x0000023b7f95ff40 GCTaskThread "GC Thread#2" [stack: 0x000000799e300000,0x000000799e400000] [id=1320]
  0x0000023b7f9a7150 GCTaskThread "GC Thread#3" [stack: 0x000000799e400000,0x000000799e500000] [id=3472]
  0x0000023b7f9a7410 GCTaskThread "GC Thread#4" [stack: 0x000000799e500000,0x000000799e600000] [id=28512]
  0x0000023b7f9a76d0 GCTaskThread "GC Thread#5" [stack: 0x000000799e600000,0x000000799e700000] [id=40740]
  0x0000023b7f9a7990 GCTaskThread "GC Thread#6" [stack: 0x000000799e700000,0x000000799e800000] [id=45452]
  0x0000023b7fa9d1c0 GCTaskThread "GC Thread#7" [stack: 0x000000799ec00000,0x000000799ed00000] [id=47508]
  0x0000023b13135520 GCTaskThread "GC Thread#8" [stack: 0x000000799ef00000,0x000000799f000000] [id=50364]
  0x0000023b131357e0 GCTaskThread "GC Thread#9" [stack: 0x000000799f000000,0x000000799f100000] [id=19888]

Threads with active compile tasks:
C2 CompilerThread0    45970 11430       4       org.eclipse.jdt.internal.compiler.ast.MethodDeclaration::traverse (269 bytes)
C2 CompilerThread1    45970 11431       4       org.eclipse.jdt.internal.compiler.lookup.BinaryTypeBinding::createMethod (1724 bytes)

VM state: not at safepoint (normal execution)

VM Mutex/Monitor currently owned by a thread: None

Heap address: 0x00000000c0000000, size: 1024 MB, Compressed Oops mode: 32-bit

CDS archive(s) not mapped
Compressed class space mapped at: 0x0000000100000000-0x0000000140000000, reserved size: 1073741824
Narrow klass base: 0x0000000000000000, Narrow klass shift: 3, Narrow klass range: 0x140000000

GC Precious Log:
 CPUs: 12 total, 12 available
 Memory: 6005M
 Large Page Support: Disabled
 NUMA Support: Disabled
 Compressed Oops: Enabled (32-bit)
 Alignments: Space 512K, Generation 512K, Heap 2M
 Heap Min Capacity: 100M
 Heap Initial Capacity: 100M
 Heap Max Capacity: 1G
 Pre-touch: Disabled
 Parallel Workers: 10

Heap:
 PSYoungGen      total 7168K, used 3196K [0x00000000eab00000, 0x00000000eb380000, 0x0000000100000000)
  eden space 6144K, 42% used [0x00000000eab00000,0x00000000ead873a0,0x00000000eb100000)
  from space 1024K, 59% used [0x00000000eb100000,0x00000000eb198000,0x00000000eb200000)
  to   space 1024K, 0% used [0x00000000eb280000,0x00000000eb280000,0x00000000eb380000)
 ParOldGen       total 87552K, used 69339K [0x00000000c0000000, 0x00000000c5580000, 0x00000000eab00000)
  object space 87552K, 79% used [0x00000000c0000000,0x00000000c43b6c40,0x00000000c5580000)
 Metaspace       used 58964K, committed 59904K, reserved 1114112K
  class space    used 5786K, committed 6208K, reserved 1048576K

Card table byte_map: [0x0000023b77670000,0x0000023b77880000] _byte_map_base: 0x0000023b77070000

Marking Bits: (ParMarkBitMap*) 0x00007ffbbef06940
 Begin Bits: [0x0000023b7a970000, 0x0000023b7b970000)
 End Bits:   [0x0000023b7b970000, 0x0000023b7c970000)

Polling page: 0x0000023b75bf0000

Metaspace:

Usage:
  Non-class:     51.93 MB used.
      Class:      5.65 MB used.
       Both:     57.58 MB used.

Virtual space:
  Non-class space:       64.00 MB reserved,      52.44 MB ( 82%) committed,  1 nodes.
      Class space:        1.00 GB reserved,       6.06 MB ( <1%) committed,  1 nodes.
             Both:        1.06 GB reserved,      58.50 MB (  5%) committed. 

Chunk freelists:
   Non-Class:  11.58 MB
       Class:  10.04 MB
        Both:  21.62 MB

MaxMetaspaceSize: unlimited
CompressedClassSpaceSize: 1.00 GB
Initial GC threshold: 21.00 MB
Current GC threshold: 96.88 MB
CDS: off
MetaspaceReclaimPolicy: balanced
 - commit_granule_bytes: 65536.
 - commit_granule_words: 8192.
 - virtual_space_node_default_size: 8388608.
 - enlarge_chunks_in_place: 1.
 - new_chunks_are_fully_committed: 0.
 - uncommit_free_chunks: 1.
 - use_allocation_guard: 0.
 - handle_deallocations: 1.


Internal statistics:

num_allocs_failed_limit: 6.
num_arena_births: 1142.
num_arena_deaths: 524.
num_vsnodes_births: 2.
num_vsnodes_deaths: 0.
num_space_committed: 936.
num_space_uncommitted: 0.
num_chunks_returned_to_freelist: 757.
num_chunks_taken_from_freelist: 3726.
num_chunk_merges: 337.
num_chunk_splits: 2082.
num_chunks_enlarged: 1000.
num_inconsistent_stats: 0.

CodeHeap 'non-profiled nmethods': size=120000Kb used=7347Kb max_used=7445Kb free=112653Kb
 bounds [0x0000023b07ad0000, 0x0000023b08240000, 0x0000023b0f000000]
CodeHeap 'profiled nmethods': size=120000Kb used=17938Kb max_used=19291Kb free=102061Kb
 bounds [0x0000023b00000000, 0x0000023b012e0000, 0x0000023b07530000]
CodeHeap 'non-nmethods': size=5760Kb used=1385Kb max_used=1466Kb free=4374Kb
 bounds [0x0000023b07530000, 0x0000023b077a0000, 0x0000023b07ad0000]
 total_blobs=9162 nmethods=8432 adapters=642
 compilation: enabled
              stopped_count=0, restarted_count=0
 full_count=0

Compilation events (20 events):
Event: 45.896 Thread 0x0000023b7dc2e9d0 11471       3       org.eclipse.jdt.internal.compiler.lookup.ParameterizedTypeBinding::superInterfaces (115 bytes)
Event: 45.897 Thread 0x0000023b7dc2e9d0 nmethod 11471 0x0000023b001ecb10 code [0x0000023b001ecd40, 0x0000023b001ed7d8]
Event: 45.897 Thread 0x0000023b7dc2e9d0 11472       3       org.eclipse.jdt.internal.compiler.lookup.BinaryTypeBinding::getMethods (237 bytes)
Event: 45.898 Thread 0x0000023b7dc2e9d0 nmethod 11472 0x0000023b00a94f90 code [0x0000023b00a951e0, 0x0000023b00a95d58]
Event: 45.898 Thread 0x0000023b7dc2e9d0 11473       3       org.eclipse.jdt.internal.compiler.lookup.LookupEnvironment::methodVerifier (20 bytes)
Event: 45.898 Thread 0x0000023b7dc2e9d0 nmethod 11473 0x0000023b00881210 code [0x0000023b008813c0, 0x0000023b00881748]
Event: 45.900 Thread 0x0000023b7dc2e9d0 11474       3       org.eclipse.jdt.internal.compiler.ast.FieldReference::resolveType (743 bytes)
Event: 45.903 Thread 0x0000023b7dc2e9d0 nmethod 11474 0x0000023b00828890 code [0x0000023b00828e20, 0x0000023b0082cc08]
Event: 45.903 Thread 0x0000023b7dc2e9d0 11477       3       org.eclipse.jdt.internal.compiler.lookup.MethodBinding::computeSignature (554 bytes)
Event: 45.905 Thread 0x0000023b7dc2e9d0 nmethod 11477 0x0000023b00fb2b90 code [0x0000023b00fb2fe0, 0x0000023b00fb5228]
Event: 45.905 Thread 0x0000023b7dc2e9d0 11476       3       java.util.TimSort::minRunLength (43 bytes)
Event: 45.906 Thread 0x0000023b7dc2e9d0 nmethod 11476 0x0000023b00641390 code [0x0000023b00641520, 0x0000023b006416d8]
Event: 45.906 Thread 0x0000023b7dc2e9d0 11478       3       org.eclipse.jdt.internal.compiler.codegen.TypeAnnotationCodeStream::init (17 bytes)
Event: 45.906 Thread 0x0000023b7dc2e9d0 nmethod 11478 0x0000023b00828210 code [0x0000023b008283e0, 0x0000023b00828728]
Event: 45.906 Thread 0x0000023b7dc2e9d0 11479       3       org.eclipse.jdt.internal.compiler.codegen.StackMapFrameCodeStream::init (69 bytes)
Event: 45.906 Thread 0x0000023b7dc2e9d0 nmethod 11479 0x0000023b00a81410 code [0x0000023b00a81600, 0x0000023b00a81a48]
Event: 45.906 Thread 0x0000023b7dc2e9d0 11475       3       java.util.TimSort::<init> (181 bytes)
Event: 45.907 Thread 0x0000023b7dc2e9d0 nmethod 11475 0x0000023b00148510 code [0x0000023b00148700, 0x0000023b00148f18]
Event: 45.935 Thread 0x0000023b7dc2e0c0 nmethod 11424 0x0000023b08162890 code [0x0000023b08162c60, 0x0000023b08166e88]
Event: 45.935 Thread 0x0000023b7dc2e0c0 11436   !   4       org.eclipse.jdt.internal.compiler.lookup.Scope::getBinding (1578 bytes)

GC Heap History (20 events):
Event: 44.780 GC heap before
{Heap before GC invocations=122 (full 6):
 PSYoungGen      total 7680K, used 7488K [0x00000000eab00000, 0x00000000eb380000, 0x0000000100000000)
  eden space 6656K, 100% used [0x00000000eab00000,0x00000000eb180000,0x00000000eb180000)
  from space 1024K, 81% used [0x00000000eb200000,0x00000000eb2d0000,0x00000000eb300000)
  to   space 512K, 0% used [0x00000000eb300000,0x00000000eb300000,0x00000000eb380000)
 ParOldGen       total 87552K, used 63193K [0x00000000c0000000, 0x00000000c5580000, 0x00000000eab00000)
  object space 87552K, 72% used [0x00000000c0000000,0x00000000c3db6700,0x00000000c5580000)
 Metaspace       used 58810K, committed 59712K, reserved 1114112K
  class space    used 5784K, committed 6208K, reserved 1048576K
}
Event: 44.781 GC heap after
{Heap after GC invocations=122 (full 6):
 PSYoungGen      total 7168K, used 512K [0x00000000eab00000, 0x00000000eb480000, 0x0000000100000000)
  eden space 6656K, 0% used [0x00000000eab00000,0x00000000eab00000,0x00000000eb180000)
  from space 512K, 100% used [0x00000000eb300000,0x00000000eb380000,0x00000000eb380000)
  to   space 1536K, 0% used [0x00000000eb180000,0x00000000eb180000,0x00000000eb300000)
 ParOldGen       total 87552K, used 63985K [0x00000000c0000000, 0x00000000c5580000, 0x00000000eab00000)
  object space 87552K, 73% used [0x00000000c0000000,0x00000000c3e7c5d0,0x00000000c5580000)
 Metaspace       used 58810K, committed 59712K, reserved 1114112K
  class space    used 5784K, committed 6208K, reserved 1048576K
}
Event: 44.790 GC heap before
{Heap before GC invocations=123 (full 6):
 PSYoungGen      total 7168K, used 7168K [0x00000000eab00000, 0x00000000eb480000, 0x0000000100000000)
  eden space 6656K, 100% used [0x00000000eab00000,0x00000000eb180000,0x00000000eb180000)
  from space 512K, 100% used [0x00000000eb300000,0x00000000eb380000,0x00000000eb380000)
  to   space 1536K, 0% used [0x00000000eb180000,0x00000000eb180000,0x00000000eb300000)
 ParOldGen       total 87552K, used 63985K [0x00000000c0000000, 0x00000000c5580000, 0x00000000eab00000)
  object space 87552K, 73% used [0x00000000c0000000,0x00000000c3e7c5d0,0x00000000c5580000)
 Metaspace       used 58810K, committed 59712K, reserved 1114112K
  class space    used 5784K, committed 6208K, reserved 1048576K
}
Event: 44.791 GC heap after
{Heap after GC invocations=123 (full 6):
 PSYoungGen      total 7680K, used 624K [0x00000000eab00000, 0x00000000eb380000, 0x0000000100000000)
  eden space 6656K, 0% used [0x00000000eab00000,0x00000000eab00000,0x00000000eb180000)
  from space 1024K, 60% used [0x00000000eb180000,0x00000000eb21c010,0x00000000eb280000)
  to   space 1024K, 0% used [0x00000000eb280000,0x00000000eb280000,0x00000000eb380000)
 ParOldGen       total 87552K, used 64449K [0x00000000c0000000, 0x00000000c5580000, 0x00000000eab00000)
  object space 87552K, 73% used [0x00000000c0000000,0x00000000c3ef0620,0x00000000c5580000)
 Metaspace       used 58810K, committed 59712K, reserved 1114112K
  class space    used 5784K, committed 6208K, reserved 1048576K
}
Event: 45.024 GC heap before
{Heap before GC invocations=124 (full 6):
 PSYoungGen      total 7680K, used 7280K [0x00000000eab00000, 0x00000000eb380000, 0x0000000100000000)
  eden space 6656K, 100% used [0x00000000eab00000,0x00000000eb180000,0x00000000eb180000)
  from space 1024K, 60% used [0x00000000eb180000,0x00000000eb21c010,0x00000000eb280000)
  to   space 1024K, 0% used [0x00000000eb280000,0x00000000eb280000,0x00000000eb380000)
 ParOldGen       total 87552K, used 64449K [0x00000000c0000000, 0x00000000c5580000, 0x00000000eab00000)
  object space 87552K, 73% used [0x00000000c0000000,0x00000000c3ef0620,0x00000000c5580000)
 Metaspace       used 58861K, committed 59776K, reserved 1114112K
  class space    used 5786K, committed 6208K, reserved 1048576K
}
Event: 45.025 GC heap after
{Heap after GC invocations=124 (full 6):
 PSYoungGen      total 7680K, used 864K [0x00000000eab00000, 0x00000000eb380000, 0x0000000100000000)
  eden space 6656K, 0% used [0x00000000eab00000,0x00000000eab00000,0x00000000eb180000)
  from space 1024K, 84% used [0x00000000eb280000,0x00000000eb358000,0x00000000eb380000)
  to   space 1024K, 0% used [0x00000000eb180000,0x00000000eb180000,0x00000000eb280000)
 ParOldGen       total 87552K, used 64945K [0x00000000c0000000, 0x00000000c5580000, 0x00000000eab00000)
  object space 87552K, 74% used [0x00000000c0000000,0x00000000c3f6c690,0x00000000c5580000)
 Metaspace       used 58861K, committed 59776K, reserved 1114112K
  class space    used 5786K, committed 6208K, reserved 1048576K
}
Event: 45.756 GC heap before
{Heap before GC invocations=125 (full 6):
 PSYoungGen      total 7680K, used 7520K [0x00000000eab00000, 0x00000000eb380000, 0x0000000100000000)
  eden space 6656K, 100% used [0x00000000eab00000,0x00000000eb180000,0x00000000eb180000)
  from space 1024K, 84% used [0x00000000eb280000,0x00000000eb358000,0x00000000eb380000)
  to   space 1024K, 0% used [0x00000000eb180000,0x00000000eb180000,0x00000000eb280000)
 ParOldGen       total 87552K, used 64945K [0x00000000c0000000, 0x00000000c5580000, 0x00000000eab00000)
  object space 87552K, 74% used [0x00000000c0000000,0x00000000c3f6c690,0x00000000c5580000)
 Metaspace       used 58875K, committed 59840K, reserved 1114112K
  class space    used 5786K, committed 6208K, reserved 1048576K
}
Event: 45.757 GC heap after
{Heap after GC invocations=125 (full 6):
 PSYoungGen      total 7680K, used 241K [0x00000000eab00000, 0x00000000eb300000, 0x0000000100000000)
  eden space 6656K, 0% used [0x00000000eab00000,0x00000000eab00000,0x00000000eb180000)
  from space 1024K, 23% used [0x00000000eb180000,0x00000000eb1bc698,0x00000000eb280000)
  to   space 512K, 0% used [0x00000000eb280000,0x00000000eb280000,0x00000000eb300000)
 ParOldGen       total 87552K, used 65636K [0x00000000c0000000, 0x00000000c5580000, 0x00000000eab00000)
  object space 87552K, 74% used [0x00000000c0000000,0x00000000c40190d0,0x00000000c5580000)
 Metaspace       used 58875K, committed 59840K, reserved 1114112K
  class space    used 5786K, committed 6208K, reserved 1048576K
}
Event: 45.826 GC heap before
{Heap before GC invocations=126 (full 6):
 PSYoungGen      total 7680K, used 6897K [0x00000000eab00000, 0x00000000eb300000, 0x0000000100000000)
  eden space 6656K, 100% used [0x00000000eab00000,0x00000000eb180000,0x00000000eb180000)
  from space 1024K, 23% used [0x00000000eb180000,0x00000000eb1bc698,0x00000000eb280000)
  to   space 512K, 0% used [0x00000000eb280000,0x00000000eb280000,0x00000000eb300000)
 ParOldGen       total 87552K, used 65636K [0x00000000c0000000, 0x00000000c5580000, 0x00000000eab00000)
  object space 87552K, 74% used [0x00000000c0000000,0x00000000c40190d0,0x00000000c5580000)
 Metaspace       used 58875K, committed 59840K, reserved 1114112K
  class space    used 5786K, committed 6208K, reserved 1048576K
}
Event: 45.827 GC heap after
{Heap after GC invocations=126 (full 6):
 PSYoungGen      total 6656K, used 512K [0x00000000eab00000, 0x00000000eb480000, 0x0000000100000000)
  eden space 6144K, 0% used [0x00000000eab00000,0x00000000eab00000,0x00000000eb100000)
  from space 512K, 100% used [0x00000000eb280000,0x00000000eb300000,0x00000000eb300000)
  to   space 1536K, 0% used [0x00000000eb100000,0x00000000eb100000,0x00000000eb280000)
 ParOldGen       total 87552K, used 66159K [0x00000000c0000000, 0x00000000c5580000, 0x00000000eab00000)
  object space 87552K, 75% used [0x00000000c0000000,0x00000000c409be50,0x00000000c5580000)
 Metaspace       used 58875K, committed 59840K, reserved 1114112K
  class space    used 5786K, committed 6208K, reserved 1048576K
}
Event: 45.835 GC heap before
{Heap before GC invocations=127 (full 6):
 PSYoungGen      total 6656K, used 6656K [0x00000000eab00000, 0x00000000eb480000, 0x0000000100000000)
  eden space 6144K, 100% used [0x00000000eab00000,0x00000000eb100000,0x00000000eb100000)
  from space 512K, 100% used [0x00000000eb280000,0x00000000eb300000,0x00000000eb300000)
  to   space 1536K, 0% used [0x00000000eb100000,0x00000000eb100000,0x00000000eb280000)
 ParOldGen       total 87552K, used 66159K [0x00000000c0000000, 0x00000000c5580000, 0x00000000eab00000)
  object space 87552K, 75% used [0x00000000c0000000,0x00000000c409be50,0x00000000c5580000)
 Metaspace       used 58875K, committed 59840K, reserved 1114112K
  class space    used 5786K, committed 6208K, reserved 1048576K
}
Event: 45.836 GC heap after
{Heap after GC invocations=127 (full 6):
 PSYoungGen      total 7168K, used 592K [0x00000000eab00000, 0x00000000eb300000, 0x0000000100000000)
  eden space 6144K, 0% used [0x00000000eab00000,0x00000000eab00000,0x00000000eb100000)
  from space 1024K, 57% used [0x00000000eb100000,0x00000000eb194010,0x00000000eb200000)
  to   space 1024K, 0% used [0x00000000eb200000,0x00000000eb200000,0x00000000eb300000)
 ParOldGen       total 87552K, used 66702K [0x00000000c0000000, 0x00000000c5580000, 0x00000000eab00000)
  object space 87552K, 76% used [0x00000000c0000000,0x00000000c4123998,0x00000000c5580000)
 Metaspace       used 58875K, committed 59840K, reserved 1114112K
  class space    used 5786K, committed 6208K, reserved 1048576K
}
Event: 45.843 GC heap before
{Heap before GC invocations=128 (full 6):
 PSYoungGen      total 7168K, used 6736K [0x00000000eab00000, 0x00000000eb300000, 0x0000000100000000)
  eden space 6144K, 100% used [0x00000000eab00000,0x00000000eb100000,0x00000000eb100000)
  from space 1024K, 57% used [0x00000000eb100000,0x00000000eb194010,0x00000000eb200000)
  to   space 1024K, 0% used [0x00000000eb200000,0x00000000eb200000,0x00000000eb300000)
 ParOldGen       total 87552K, used 66702K [0x00000000c0000000, 0x00000000c5580000, 0x00000000eab00000)
  object space 87552K, 76% used [0x00000000c0000000,0x00000000c4123998,0x00000000c5580000)
 Metaspace       used 58875K, committed 59840K, reserved 1114112K
  class space    used 5786K, committed 6208K, reserved 1048576K
}
Event: 45.844 GC heap after
{Heap after GC invocations=128 (full 6):
 PSYoungGen      total 7168K, used 640K [0x00000000eab00000, 0x00000000eb300000, 0x0000000100000000)
  eden space 6144K, 0% used [0x00000000eab00000,0x00000000eab00000,0x00000000eb100000)
  from space 1024K, 62% used [0x00000000eb200000,0x00000000eb2a0000,0x00000000eb300000)
  to   space 1024K, 0% used [0x00000000eb100000,0x00000000eb100000,0x00000000eb200000)
 ParOldGen       total 87552K, used 67182K [0x00000000c0000000, 0x00000000c5580000, 0x00000000eab00000)
  object space 87552K, 76% used [0x00000000c0000000,0x00000000c419ba18,0x00000000c5580000)
 Metaspace       used 58875K, committed 59840K, reserved 1114112K
  class space    used 5786K, committed 6208K, reserved 1048576K
}
Event: 45.862 GC heap before
{Heap before GC invocations=129 (full 6):
 PSYoungGen      total 7168K, used 6784K [0x00000000eab00000, 0x00000000eb300000, 0x0000000100000000)
  eden space 6144K, 100% used [0x00000000eab00000,0x00000000eb100000,0x00000000eb100000)
  from space 1024K, 62% used [0x00000000eb200000,0x00000000eb2a0000,0x00000000eb300000)
  to   space 1024K, 0% used [0x00000000eb100000,0x00000000eb100000,0x00000000eb200000)
 ParOldGen       total 87552K, used 67182K [0x00000000c0000000, 0x00000000c5580000, 0x00000000eab00000)
  object space 87552K, 76% used [0x00000000c0000000,0x00000000c419ba18,0x00000000c5580000)
 Metaspace       used 58924K, committed 59904K, reserved 1114112K
  class space    used 5786K, committed 6208K, reserved 1048576K
}
Event: 45.863 GC heap after
{Heap after GC invocations=129 (full 6):
 PSYoungGen      total 7168K, used 1008K [0x00000000eab00000, 0x00000000eb500000, 0x0000000100000000)
  eden space 6144K, 0% used [0x00000000eab00000,0x00000000eab00000,0x00000000eb100000)
  from space 1024K, 98% used [0x00000000eb100000,0x00000000eb1fc010,0x00000000eb200000)
  to   space 2048K, 0% used [0x00000000eb300000,0x00000000eb300000,0x00000000eb500000)
 ParOldGen       total 87552K, used 67790K [0x00000000c0000000, 0x00000000c5580000, 0x00000000eab00000)
  object space 87552K, 77% used [0x00000000c0000000,0x00000000c4233a88,0x00000000c5580000)
 Metaspace       used 58924K, committed 59904K, reserved 1114112K
  class space    used 5786K, committed 6208K, reserved 1048576K
}
Event: 45.873 GC heap before
{Heap before GC invocations=130 (full 6):
 PSYoungGen      total 7168K, used 7152K [0x00000000eab00000, 0x00000000eb500000, 0x0000000100000000)
  eden space 6144K, 100% used [0x00000000eab00000,0x00000000eb100000,0x00000000eb100000)
  from space 1024K, 98% used [0x00000000eb100000,0x00000000eb1fc010,0x00000000eb200000)
  to   space 2048K, 0% used [0x00000000eb300000,0x00000000eb300000,0x00000000eb500000)
 ParOldGen       total 87552K, used 67790K [0x00000000c0000000, 0x00000000c5580000, 0x00000000eab00000)
  object space 87552K, 77% used [0x00000000c0000000,0x00000000c4233a88,0x00000000c5580000)
 Metaspace       used 58932K, committed 59904K, reserved 1114112K
  class space    used 5786K, committed 6208K, reserved 1048576K
}
Event: 45.875 GC heap after
{Heap after GC invocations=130 (full 6):
 PSYoungGen      total 7168K, used 672K [0x00000000eab00000, 0x00000000eb400000, 0x0000000100000000)
  eden space 6144K, 0% used [0x00000000eab00000,0x00000000eab00000,0x00000000eb100000)
  from space 1024K, 65% used [0x00000000eb300000,0x00000000eb3a8000,0x00000000eb400000)
  to   space 1024K, 0% used [0x00000000eb100000,0x00000000eb100000,0x00000000eb200000)
 ParOldGen       total 87552K, used 68794K [0x00000000c0000000, 0x00000000c5580000, 0x00000000eab00000)
  object space 87552K, 78% used [0x00000000c0000000,0x00000000c432ebc0,0x00000000c5580000)
 Metaspace       used 58932K, committed 59904K, reserved 1114112K
  class space    used 5786K, committed 6208K, reserved 1048576K
}
Event: 45.884 GC heap before
{Heap before GC invocations=131 (full 6):
 PSYoungGen      total 7168K, used 6816K [0x00000000eab00000, 0x00000000eb400000, 0x0000000100000000)
  eden space 6144K, 100% used [0x00000000eab00000,0x00000000eb100000,0x00000000eb100000)
  from space 1024K, 65% used [0x00000000eb300000,0x00000000eb3a8000,0x00000000eb400000)
  to   space 1024K, 0% used [0x00000000eb100000,0x00000000eb100000,0x00000000eb200000)
 ParOldGen       total 87552K, used 68794K [0x00000000c0000000, 0x00000000c5580000, 0x00000000eab00000)
  object space 87552K, 78% used [0x00000000c0000000,0x00000000c432ebc0,0x00000000c5580000)
 Metaspace       used 58936K, committed 59904K, reserved 1114112K
  class space    used 5786K, committed 6208K, reserved 1048576K
}
Event: 45.885 GC heap after
{Heap after GC invocations=131 (full 6):
 PSYoungGen      total 7168K, used 608K [0x00000000eab00000, 0x00000000eb380000, 0x0000000100000000)
  eden space 6144K, 0% used [0x00000000eab00000,0x00000000eab00000,0x00000000eb100000)
  from space 1024K, 59% used [0x00000000eb100000,0x00000000eb198000,0x00000000eb200000)
  to   space 1024K, 0% used [0x00000000eb280000,0x00000000eb280000,0x00000000eb380000)
 ParOldGen       total 87552K, used 69339K [0x00000000c0000000, 0x00000000c5580000, 0x00000000eab00000)
  object space 87552K, 79% used [0x00000000c0000000,0x00000000c43b6c40,0x00000000c5580000)
 Metaspace       used 58936K, committed 59904K, reserved 1114112K
  class space    used 5786K, committed 6208K, reserved 1048576K
}

Dll operation events (11 events):
Event: 0.013 Loaded shared library c:\Users\Alizha\.vscode\extensions\redhat.java-1.37.0-win32-x64\jre\17.0.13-win32-x86_64\bin\java.dll
Event: 0.281 Loaded shared library c:\Users\Alizha\.vscode\extensions\redhat.java-1.37.0-win32-x64\jre\17.0.13-win32-x86_64\bin\zip.dll
Event: 0.287 Loaded shared library C:\Users\Alizha\.vscode\extensions\redhat.java-1.37.0-win32-x64\jre\17.0.13-win32-x86_64\bin\instrument.dll
Event: 0.312 Loaded shared library C:\Users\Alizha\.vscode\extensions\redhat.java-1.37.0-win32-x64\jre\17.0.13-win32-x86_64\bin\net.dll
Event: 0.318 Loaded shared library C:\Users\Alizha\.vscode\extensions\redhat.java-1.37.0-win32-x64\jre\17.0.13-win32-x86_64\bin\nio.dll
Event: 0.337 Loaded shared library C:\Users\Alizha\.vscode\extensions\redhat.java-1.37.0-win32-x64\jre\17.0.13-win32-x86_64\bin\zip.dll
Event: 0.370 Loaded shared library C:\Users\Alizha\.vscode\extensions\redhat.java-1.37.0-win32-x64\jre\17.0.13-win32-x86_64\bin\jimage.dll
Event: 0.459 Loaded shared library c:\Users\Alizha\.vscode\extensions\redhat.java-1.37.0-win32-x64\jre\17.0.13-win32-x86_64\bin\verify.dll
Event: 1.615 Loaded shared library C:\Users\Alizha\AppData\Roaming\Code\User\globalStorage\redhat.java\1.37.0\config_ss_win\org.eclipse.equinox.launcher\org.eclipse.equinox.launcher.win32.win32.x86_64_1.2.1100.v20240722-2106\eclipse_11904.dll
Event: 3.892 Loaded shared library C:\Users\Alizha\AppData\Local\Temp\jna-1963883701\jna18265761068257422066.dll
Event: 37.795 Loaded shared library C:\Users\Alizha\.vscode\extensions\redhat.java-1.37.0-win32-x64\jre\17.0.13-win32-x86_64\bin\sunmscapi.dll

Deoptimization events (20 events):
Event: 44.763 Thread 0x0000023b135d9a20 DEOPT PACKING pc=0x0000023b07d68ed4 sp=0x00000079a08fdf30
Event: 44.763 Thread 0x0000023b135d9a20 DEOPT UNPACKING pc=0x0000023b075866a3 sp=0x00000079a08fde90 mode 2
Event: 44.764 Thread 0x0000023b135d9a20 DEOPT PACKING pc=0x0000023b012a0f15 sp=0x00000079a08fd970
Event: 44.764 Thread 0x0000023b135d9a20 DEOPT UNPACKING pc=0x0000023b07586e43 sp=0x00000079a08fcef8 mode 0
Event: 44.768 Thread 0x0000023b135d9a20 Uncommon trap: trap_request=0xffffffde fr.pc=0x0000023b080d243c relative=0x0000000000000d5c
Event: 44.768 Thread 0x0000023b135d9a20 Uncommon trap: reason=class_check action=maybe_recompile pc=0x0000023b080d243c method=org.eclipse.jdt.internal.compiler.parser.Parser.consumeRule(I)V @ 5680 c2
Event: 44.768 Thread 0x0000023b135d9a20 DEOPT PACKING pc=0x0000023b080d243c sp=0x00000079a08fde90
Event: 44.768 Thread 0x0000023b135d9a20 DEOPT UNPACKING pc=0x0000023b075866a3 sp=0x00000079a08fde20 mode 2
Event: 44.799 Thread 0x0000023b135d9a20 Uncommon trap: trap_request=0xffffff76 fr.pc=0x0000023b07fd2d1c relative=0x000000000000c59c
Event: 44.799 Thread 0x0000023b135d9a20 Uncommon trap: reason=predicate action=maybe_recompile pc=0x0000023b07fd2d1c method=org.eclipse.jdt.internal.compiler.lookup.BinaryTypeBinding.createMethod(Lorg/eclipse/jdt/internal/compiler/env/IBinaryMethod;Lorg/eclipse/jdt/internal/compiler/env/IBinary
Event: 44.799 Thread 0x0000023b135d9a20 DEOPT PACKING pc=0x0000023b07fd2d1c sp=0x00000079a08fd3a0
Event: 44.799 Thread 0x0000023b135d9a20 DEOPT UNPACKING pc=0x0000023b075866a3 sp=0x00000079a08fd378 mode 2
Event: 45.825 Thread 0x0000023b135d8af0 DEOPT PACKING pc=0x0000023b0103cdfc sp=0x00000079a04fd6d0
Event: 45.825 Thread 0x0000023b135d8af0 DEOPT UNPACKING pc=0x0000023b07586e43 sp=0x00000079a04fcb30 mode 0
Event: 45.851 Thread 0x0000023b135d8af0 Uncommon trap: trap_request=0xffffff6e fr.pc=0x0000023b07c64304 relative=0x0000000000000144
Event: 45.851 Thread 0x0000023b135d8af0 Uncommon trap: reason=loop_limit_check action=maybe_recompile pc=0x0000023b07c64304 method=org.eclipse.jdt.internal.compiler.lookup.BlockScope.findLocalType([C)Lorg/eclipse/jdt/internal/compiler/lookup/ReferenceBinding; @ 104 c2
Event: 45.851 Thread 0x0000023b135d8af0 DEOPT PACKING pc=0x0000023b07c64304 sp=0x00000079a04fe580
Event: 45.851 Thread 0x0000023b135d8af0 DEOPT UNPACKING pc=0x0000023b075866a3 sp=0x00000079a04fe500 mode 2
Event: 45.901 Thread 0x0000023b135d8af0 DEOPT PACKING pc=0x0000023b010f5f7f sp=0x00000079a04fe760
Event: 45.901 Thread 0x0000023b135d8af0 DEOPT UNPACKING pc=0x0000023b07586e43 sp=0x00000079a04fdc30 mode 0

Classes loaded (20 events):
Event: 38.016 Loading class sun/security/rsa/RSASignature$SHA224withRSA
Event: 38.016 Loading class sun/security/rsa/RSASignature$SHA224withRSA done
Event: 38.016 Loading class sun/security/provider/DSA$SHA224withDSA
Event: 38.016 Loading class sun/security/provider/DSA$SHA224withDSA done
Event: 38.016 Loading class sun/security/ssl/SessionId
Event: 38.016 Loading class sun/security/ssl/SessionId done
Event: 38.016 Loading class sun/security/ssl/DTLSInputRecord
Event: 38.017 Loading class sun/security/ssl/DTLSRecord
Event: 38.017 Loading class sun/security/ssl/DTLSRecord done
Event: 38.017 Loading class sun/security/ssl/DTLSInputRecord done
Event: 38.017 Loading class java/util/concurrent/ConcurrentSkipListMap$KeySet
Event: 38.018 Loading class java/util/concurrent/ConcurrentSkipListMap$KeySet done
Event: 38.018 Loading class java/util/concurrent/ConcurrentSkipListMap$KeyIterator
Event: 38.018 Loading class java/util/concurrent/ConcurrentSkipListMap$Iter
Event: 38.018 Loading class java/util/concurrent/ConcurrentSkipListMap$Iter done
Event: 38.018 Loading class java/util/concurrent/ConcurrentSkipListMap$KeyIterator done
Event: 38.018 Loading class java/net/InetAddress$NameServiceAddresses
Event: 38.018 Loading class java/net/InetAddress$Addresses
Event: 38.018 Loading class java/net/InetAddress$Addresses done
Event: 38.018 Loading class java/net/InetAddress$NameServiceAddresses done

Classes unloaded (20 events):
Event: 13.277 Thread 0x0000023b77d88d00 Unloading class 0x0000000100420c00 'java/lang/invoke/LambdaForm$DMH+0x0000000100420c00'
Event: 13.277 Thread 0x0000023b77d88d00 Unloading class 0x0000000100420800 'java/lang/invoke/LambdaForm$DMH+0x0000000100420800'
Event: 13.277 Thread 0x0000023b77d88d00 Unloading class 0x0000000100420000 'java/lang/invoke/LambdaForm$MH+0x0000000100420000'
Event: 13.277 Thread 0x0000023b77d88d00 Unloading class 0x000000010041fc00 'java/lang/invoke/LambdaForm$MH+0x000000010041fc00'
Event: 13.277 Thread 0x0000023b77d88d00 Unloading class 0x000000010041f800 'java/lang/invoke/LambdaForm$MH+0x000000010041f800'
Event: 13.277 Thread 0x0000023b77d88d00 Unloading class 0x000000010041f000 'java/lang/invoke/LambdaForm$MH+0x000000010041f000'
Event: 13.277 Thread 0x0000023b77d88d00 Unloading class 0x000000010041e800 'java/lang/invoke/LambdaForm$DMH+0x000000010041e800'
Event: 13.277 Thread 0x0000023b77d88d00 Unloading class 0x000000010041e400 'java/lang/invoke/LambdaForm$DMH+0x000000010041e400'
Event: 13.277 Thread 0x0000023b77d88d00 Unloading class 0x000000010041d000 'java/lang/invoke/LambdaForm$DMH+0x000000010041d000'
Event: 13.277 Thread 0x0000023b77d88d00 Unloading class 0x000000010041e000 'java/lang/invoke/LambdaForm$DMH+0x000000010041e000'
Event: 13.277 Thread 0x0000023b77d88d00 Unloading class 0x000000010041d400 'java/lang/invoke/LambdaForm$DMH+0x000000010041d400'
Event: 13.277 Thread 0x0000023b77d88d00 Unloading class 0x000000010041dc00 'java/lang/invoke/LambdaForm$DMH+0x000000010041dc00'
Event: 13.277 Thread 0x0000023b77d88d00 Unloading class 0x000000010041cc00 'java/lang/invoke/LambdaForm$DMH+0x000000010041cc00'
Event: 13.277 Thread 0x0000023b77d88d00 Unloading class 0x000000010041d800 'java/lang/invoke/LambdaForm$DMH+0x000000010041d800'
Event: 13.277 Thread 0x0000023b77d88d00 Unloading class 0x000000010041c800 'java/lang/invoke/LambdaForm$DMH+0x000000010041c800'
Event: 13.277 Thread 0x0000023b77d88d00 Unloading class 0x0000000100401400 'java/lang/invoke/LambdaForm$DMH+0x0000000100401400'
Event: 13.277 Thread 0x0000023b77d88d00 Unloading class 0x0000000100401000 'java/lang/invoke/LambdaForm$DMH+0x0000000100401000'
Event: 13.277 Thread 0x0000023b77d88d00 Unloading class 0x0000000100400800 'java/lang/invoke/LambdaForm$DMH+0x0000000100400800'
Event: 13.277 Thread 0x0000023b77d88d00 Unloading class 0x0000000100400400 'java/lang/invoke/LambdaForm$DMH+0x0000000100400400'
Event: 13.277 Thread 0x0000023b77d88d00 Unloading class 0x0000000100400c00 'java/lang/invoke/LambdaForm$DMH+0x0000000100400c00'

Classes redefined (0 events):
No events

Internal exceptions (20 events):
Event: 13.708 Thread 0x0000023b135d9a20 Implicit null exception at 0x0000023b07ba6076 to 0x0000023b07ba668c
Event: 13.941 Thread 0x0000023b135d9a20 Exception <a 'java/io/FileNotFoundException'{0x00000000eb1264d0}> (0x00000000eb1264d0) 
thrown [s\src\hotspot\share\prims\jni.cpp, line 516]
Event: 13.941 Thread 0x0000023b135d9a20 Exception <a 'java/io/FileNotFoundException'{0x00000000eb127250}> (0x00000000eb127250) 
thrown [s\src\hotspot\share\prims\jni.cpp, line 516]
Event: 15.930 Thread 0x0000023b135d9a20 Exception <a 'java/lang/ArrayIndexOutOfBoundsException'{0x00000000eb905380}: Index 8971 out of bounds for length 8970> (0x00000000eb905380) 
thrown [s\src\hotspot\share\interpreter\interpreterRuntime.cpp, line 428]
Event: 30.535 Thread 0x0000023b135d9a20 Exception <a 'java/lang/ArrayIndexOutOfBoundsException'{0x00000000eb0d9c70}> (0x00000000eb0d9c70) 
thrown [s\src\hotspot\share\runtime\sharedRuntime.cpp, line 631]
Event: 30.578 Thread 0x0000023b135d9a20 Exception <a 'java/lang/ArrayIndexOutOfBoundsException'{0x00000000eb3d9cb8}> (0x00000000eb3d9cb8) 
thrown [s\src\hotspot\share\runtime\sharedRuntime.cpp, line 631]
Event: 30.578 Thread 0x0000023b135d9a20 Exception <a 'java/lang/ArrayIndexOutOfBoundsException'{0x00000000eb3daff8}> (0x00000000eb3daff8) 
thrown [s\src\hotspot\share\runtime\sharedRuntime.cpp, line 631]
Event: 30.578 Thread 0x0000023b135d9a20 Exception <a 'java/lang/ArrayIndexOutOfBoundsException'{0x00000000eb3db318}> (0x00000000eb3db318) 
thrown [s\src\hotspot\share\runtime\sharedRuntime.cpp, line 631]
Event: 31.344 Thread 0x0000023b135d9a20 Exception <a 'java/lang/ArrayIndexOutOfBoundsException'{0x00000000ead715b0}> (0x00000000ead715b0) 
thrown [s\src\hotspot\share\runtime\sharedRuntime.cpp, line 631]
Event: 31.386 Thread 0x0000023b135d9a20 Exception <a 'java/lang/ArrayIndexOutOfBoundsException'{0x00000000eb321bf0}> (0x00000000eb321bf0) 
thrown [s\src\hotspot\share\runtime\sharedRuntime.cpp, line 631]
Event: 31.386 Thread 0x0000023b135d9a20 Exception <a 'java/lang/ArrayIndexOutOfBoundsException'{0x00000000eb322f30}> (0x00000000eb322f30) 
thrown [s\src\hotspot\share\runtime\sharedRuntime.cpp, line 631]
Event: 31.386 Thread 0x0000023b135d9a20 Exception <a 'java/lang/ArrayIndexOutOfBoundsException'{0x00000000eb323250}> (0x00000000eb323250) 
thrown [s\src\hotspot\share\runtime\sharedRuntime.cpp, line 631]
Event: 32.662 Thread 0x0000023b135d9a20 Exception <a 'java/lang/ArrayIndexOutOfBoundsException'{0x00000000eb04f330}> (0x00000000eb04f330) 
thrown [s\src\hotspot\share\runtime\sharedRuntime.cpp, line 631]
Event: 32.704 Thread 0x0000023b135d9a20 Exception <a 'java/lang/ArrayIndexOutOfBoundsException'{0x00000000eb54e4d8}> (0x00000000eb54e4d8) 
thrown [s\src\hotspot\share\runtime\sharedRuntime.cpp, line 631]
Event: 32.704 Thread 0x0000023b135d9a20 Exception <a 'java/lang/ArrayIndexOutOfBoundsException'{0x00000000eb54f818}> (0x00000000eb54f818) 
thrown [s\src\hotspot\share\runtime\sharedRuntime.cpp, line 631]
Event: 32.704 Thread 0x0000023b135d9a20 Exception <a 'java/lang/ArrayIndexOutOfBoundsException'{0x00000000eb54fb38}> (0x00000000eb54fb38) 
thrown [s\src\hotspot\share\runtime\sharedRuntime.cpp, line 631]
Event: 37.726 Thread 0x0000023b135d9a20 Exception <a 'java/lang/ArrayIndexOutOfBoundsException'{0x00000000eb00c448}> (0x00000000eb00c448) 
thrown [s\src\hotspot\share\runtime\sharedRuntime.cpp, line 631]
Event: 37.816 Thread 0x0000023b7f869f30 Exception <a 'sun/nio/fs/WindowsException'{0x00000000eb2263f8}> (0x00000000eb2263f8) 
thrown [s\src\hotspot\share\prims\jni.cpp, line 516]
Event: 37.944 Thread 0x0000023b7f86c7b0 Exception <a 'java/lang/NoSuchMethodError'{0x00000000eab9f408}: 'java.lang.Object java.lang.invoke.DirectMethodHandle$Holder.invokeStatic(java.lang.Object, int, java.lang.Object)'> (0x00000000eab9f408) 
thrown [s\src\hotspot\share\interpreter\linkResolver.cpp, line 759]
Event: 42.922 Thread 0x0000023b135d9a20 Exception <a 'java/lang/ArrayIndexOutOfBoundsException'{0x00000000eacd13a8}> (0x00000000eacd13a8) 
thrown [s\src\hotspot\share\runtime\sharedRuntime.cpp, line 631]

VM Operations (20 events):
Event: 44.780 Executing VM operation: ParallelGCFailedAllocation
Event: 44.781 Executing VM operation: ParallelGCFailedAllocation done
Event: 44.790 Executing VM operation: ParallelGCFailedAllocation
Event: 44.791 Executing VM operation: ParallelGCFailedAllocation done
Event: 45.024 Executing VM operation: ParallelGCFailedAllocation
Event: 45.025 Executing VM operation: ParallelGCFailedAllocation done
Event: 45.756 Executing VM operation: ParallelGCFailedAllocation
Event: 45.757 Executing VM operation: ParallelGCFailedAllocation done
Event: 45.825 Executing VM operation: ParallelGCFailedAllocation
Event: 45.827 Executing VM operation: ParallelGCFailedAllocation done
Event: 45.835 Executing VM operation: ParallelGCFailedAllocation
Event: 45.836 Executing VM operation: ParallelGCFailedAllocation done
Event: 45.843 Executing VM operation: ParallelGCFailedAllocation
Event: 45.844 Executing VM operation: ParallelGCFailedAllocation done
Event: 45.862 Executing VM operation: ParallelGCFailedAllocation
Event: 45.863 Executing VM operation: ParallelGCFailedAllocation done
Event: 45.873 Executing VM operation: ParallelGCFailedAllocation
Event: 45.875 Executing VM operation: ParallelGCFailedAllocation done
Event: 45.884 Executing VM operation: ParallelGCFailedAllocation
Event: 45.885 Executing VM operation: ParallelGCFailedAllocation done

Memory protections (0 events):
No events

Nmethod flushes (20 events):
Event: 44.182 Thread 0x0000023b7dc345d0 flushing  nmethod 0x0000023b00e58d90
Event: 44.182 Thread 0x0000023b7dc345d0 flushing  nmethod 0x0000023b00e60090
Event: 44.182 Thread 0x0000023b7dc345d0 flushing  nmethod 0x0000023b00e6a910
Event: 44.182 Thread 0x0000023b7dc345d0 flushing  nmethod 0x0000023b00e6ed90
Event: 44.183 Thread 0x0000023b7dc345d0 flushing  nmethod 0x0000023b00e82610
Event: 44.183 Thread 0x0000023b7dc345d0 flushing  nmethod 0x0000023b00e94c10
Event: 44.183 Thread 0x0000023b7dc345d0 flushing  nmethod 0x0000023b00eaef10
Event: 44.183 Thread 0x0000023b7dc345d0 flushing  nmethod 0x0000023b00ebb910
Event: 44.183 Thread 0x0000023b7dc345d0 flushing  nmethod 0x0000023b00ed1790
Event: 44.183 Thread 0x0000023b7dc345d0 flushing  nmethod 0x0000023b00f26090
Event: 44.183 Thread 0x0000023b7dc345d0 flushing  nmethod 0x0000023b00f2ad90
Event: 44.183 Thread 0x0000023b7dc345d0 flushing  nmethod 0x0000023b00f31d10
Event: 44.183 Thread 0x0000023b7dc345d0 flushing  nmethod 0x0000023b00f67190
Event: 44.183 Thread 0x0000023b7dc345d0 flushing osr nmethod 0x0000023b00f73e10
Event: 44.183 Thread 0x0000023b7dc345d0 flushing  nmethod 0x0000023b00fb2510
Event: 44.183 Thread 0x0000023b7dc345d0 flushing  nmethod 0x0000023b00fb2d10
Event: 44.183 Thread 0x0000023b7dc345d0 flushing  nmethod 0x0000023b00fb3190
Event: 44.184 Thread 0x0000023b7dc345d0 flushing  nmethod 0x0000023b00ff1210
Event: 44.185 Thread 0x0000023b7dc345d0 flushing  nmethod 0x0000023b011c8510
Event: 44.185 Thread 0x0000023b7dc345d0 flushing  nmethod 0x0000023b01290710

Events (20 events):
Event: 35.256 Thread 0x0000023b7dc2e9d0 Thread added: 0x0000023b143fc6b0
Event: 35.800 Thread 0x0000023b143fc6b0 Thread exited: 0x0000023b143fc6b0
Event: 35.804 Thread 0x0000023b7dc2e9d0 Thread added: 0x0000023b143fc6b0
Event: 35.921 Thread 0x0000023b135d8af0 Thread added: 0x0000023b7f86a440
Event: 36.655 Thread 0x0000023b143fc6b0 Thread exited: 0x0000023b143fc6b0
Event: 37.737 Thread 0x0000023b7dc2e9d0 Thread added: 0x0000023b1385a6d0
Event: 37.776 Thread 0x0000023b135d9a20 Thread added: 0x0000023b7f869f30
Event: 38.435 Thread 0x0000023b135d9a20 Thread added: 0x0000023b7f86bd90
Event: 38.755 Thread 0x0000023b1385a6d0 Thread exited: 0x0000023b1385a6d0
Event: 38.884 Thread 0x0000023b7dc2e9d0 Thread added: 0x0000023b1a45ca70
Event: 39.520 Thread 0x0000023b13198d60 Thread added: 0x0000023b7f86fa50
Event: 39.952 Thread 0x0000023b1a45ca70 Thread exited: 0x0000023b1a45ca70
Event: 41.297 Thread 0x0000023b7dc2e9d0 Thread added: 0x0000023b196498e0
Event: 41.816 Thread 0x0000023b196498e0 Thread exited: 0x0000023b196498e0
Event: 41.936 Thread 0x0000023b13198d60 Thread added: 0x0000023b7f86ff60
Event: 41.943 Thread 0x0000023b7dc2e0c0 Thread added: 0x0000023b16382580
Event: 42.151 Thread 0x0000023b16382580 Thread exited: 0x0000023b16382580
Event: 42.733 Thread 0x0000023b7dc2e9d0 Thread added: 0x0000023b1450c1a0
Event: 45.349 Thread 0x0000023b1450c1a0 Thread exited: 0x0000023b1450c1a0
Event: 45.848 Thread 0x0000023b7dc2e9d0 Thread added: 0x0000023b1a45ca70


Dynamic libraries:
0x00007ff63dd80000 - 0x00007ff63dd8e000 	c:\Users\Alizha\.vscode\extensions\redhat.java-1.37.0-win32-x64\jre\17.0.13-win32-x86_64\bin\java.exe
0x00007ffc2ba90000 - 0x00007ffc2bca7000 	C:\WINDOWS\SYSTEM32\ntdll.dll
0x00007ffc2a5f0000 - 0x00007ffc2a6b4000 	C:\WINDOWS\System32\KERNEL32.DLL
0x00007ffc28f60000 - 0x00007ffc2930d000 	C:\WINDOWS\System32\KERNELBASE.dll
0x00007ffc29560000 - 0x00007ffc29671000 	C:\WINDOWS\System32\ucrtbase.dll
0x00007ffc13e30000 - 0x00007ffc13e47000 	c:\Users\Alizha\.vscode\extensions\redhat.java-1.37.0-win32-x64\jre\17.0.13-win32-x86_64\bin\jli.dll
0x00007ffc131a0000 - 0x00007ffc131be000 	c:\Users\Alizha\.vscode\extensions\redhat.java-1.37.0-win32-x64\jre\17.0.13-win32-x86_64\bin\VCRUNTIME140.dll
0x00007ffc2b510000 - 0x00007ffc2b6be000 	C:\WINDOWS\System32\USER32.dll
0x00007ffc29680000 - 0x00007ffc296a6000 	C:\WINDOWS\System32\win32u.dll
0x00007ffc2a4e0000 - 0x00007ffc2a509000 	C:\WINDOWS\System32\GDI32.dll
0x00007ffc09ed0000 - 0x00007ffc0a163000 	C:\WINDOWS\WinSxS\amd64_microsoft.windows.common-controls_6595b64144ccf1df_6.0.22621.3672_none_2713b9d173822955\COMCTL32.dll
0x00007ffc296b0000 - 0x00007ffc297c9000 	C:\WINDOWS\System32\gdi32full.dll
0x00007ffc294c0000 - 0x00007ffc2955a000 	C:\WINDOWS\System32\msvcp_win.dll
0x00007ffc2a7c0000 - 0x00007ffc2a867000 	C:\WINDOWS\System32\msvcrt.dll
0x00007ffc2a5a0000 - 0x00007ffc2a5d1000 	C:\WINDOWS\System32\IMM32.DLL
0x00007ffc242e0000 - 0x00007ffc242ec000 	c:\Users\Alizha\.vscode\extensions\redhat.java-1.37.0-win32-x64\jre\17.0.13-win32-x86_64\bin\vcruntime140_1.dll
0x00007ffc0c1e0000 - 0x00007ffc0c26d000 	c:\Users\Alizha\.vscode\extensions\redhat.java-1.37.0-win32-x64\jre\17.0.13-win32-x86_64\bin\msvcp140.dll
0x00007ffbbe360000 - 0x00007ffbbefcb000 	c:\Users\Alizha\.vscode\extensions\redhat.java-1.37.0-win32-x64\jre\17.0.13-win32-x86_64\bin\server\jvm.dll
0x00007ffc2b230000 - 0x00007ffc2b2e2000 	C:\WINDOWS\System32\ADVAPI32.dll
0x00007ffc2a3d0000 - 0x00007ffc2a479000 	C:\WINDOWS\System32\sechost.dll
0x00007ffc28dc0000 - 0x00007ffc28de8000 	C:\WINDOWS\System32\bcrypt.dll
0x00007ffc2b3f0000 - 0x00007ffc2b504000 	C:\WINDOWS\System32\RPCRT4.dll
0x00007ffc2a740000 - 0x00007ffc2a7b1000 	C:\WINDOWS\System32\WS2_32.dll
0x00007ffc28c80000 - 0x00007ffc28ccd000 	C:\WINDOWS\SYSTEM32\POWRPROF.dll
0x00007ffc1f8f0000 - 0x00007ffc1f8fa000 	C:\WINDOWS\SYSTEM32\VERSION.dll
0x00007ffc23810000 - 0x00007ffc23844000 	C:\WINDOWS\SYSTEM32\WINMM.dll
0x00007ffc28c60000 - 0x00007ffc28c73000 	C:\WINDOWS\SYSTEM32\UMPDC.dll
0x00007ffc27dc0000 - 0x00007ffc27dd8000 	C:\WINDOWS\SYSTEM32\kernel.appcore.dll
0x00007ffc23c20000 - 0x00007ffc23c2a000 	c:\Users\Alizha\.vscode\extensions\redhat.java-1.37.0-win32-x64\jre\17.0.13-win32-x86_64\bin\jimage.dll
0x00007ffc268f0000 - 0x00007ffc26b22000 	C:\WINDOWS\SYSTEM32\DBGHELP.DLL
0x00007ffc2b6c0000 - 0x00007ffc2ba48000 	C:\WINDOWS\System32\combase.dll
0x00007ffc2a0b0000 - 0x00007ffc2a187000 	C:\WINDOWS\System32\OLEAUT32.dll
0x00007ffc13f70000 - 0x00007ffc13fa2000 	C:\WINDOWS\SYSTEM32\dbgcore.DLL
0x00007ffc29380000 - 0x00007ffc293fb000 	C:\WINDOWS\System32\bcryptPrimitives.dll
0x00007ffc246b0000 - 0x00007ffc246be000 	c:\Users\Alizha\.vscode\extensions\redhat.java-1.37.0-win32-x64\jre\17.0.13-win32-x86_64\bin\instrument.dll
0x00007ffc0bd70000 - 0x00007ffc0bd95000 	c:\Users\Alizha\.vscode\extensions\redhat.java-1.37.0-win32-x64\jre\17.0.13-win32-x86_64\bin\java.dll
0x00007ffc1b0c0000 - 0x00007ffc1b0d8000 	c:\Users\Alizha\.vscode\extensions\redhat.java-1.37.0-win32-x64\jre\17.0.13-win32-x86_64\bin\zip.dll
0x00007ffc29820000 - 0x00007ffc2a07f000 	C:\WINDOWS\System32\SHELL32.dll
0x00007ffc26cc0000 - 0x00007ffc275bc000 	C:\WINDOWS\SYSTEM32\windows.storage.dll
0x00007ffc26b80000 - 0x00007ffc26cbf000 	C:\WINDOWS\SYSTEM32\wintypes.dll
0x00007ffc2b2f0000 - 0x00007ffc2b3e4000 	C:\WINDOWS\System32\SHCORE.dll
0x00007ffc2a360000 - 0x00007ffc2a3be000 	C:\WINDOWS\System32\shlwapi.dll
0x00007ffc28cf0000 - 0x00007ffc28d11000 	C:\WINDOWS\SYSTEM32\profapi.dll
0x00007ffc0bd20000 - 0x00007ffc0bd39000 	C:\Users\Alizha\.vscode\extensions\redhat.java-1.37.0-win32-x64\jre\17.0.13-win32-x86_64\bin\net.dll
0x00007ffc23cd0000 - 0x00007ffc23e06000 	C:\WINDOWS\SYSTEM32\WINHTTP.dll
0x00007ffc28260000 - 0x00007ffc282c9000 	C:\WINDOWS\system32\mswsock.dll
0x00007ffc12ef0000 - 0x00007ffc12f06000 	C:\Users\Alizha\.vscode\extensions\redhat.java-1.37.0-win32-x64\jre\17.0.13-win32-x86_64\bin\nio.dll
0x00007ffc204c0000 - 0x00007ffc204d0000 	c:\Users\Alizha\.vscode\extensions\redhat.java-1.37.0-win32-x64\jre\17.0.13-win32-x86_64\bin\verify.dll
0x00007ffc07a30000 - 0x00007ffc07a75000 	C:\Users\Alizha\AppData\Roaming\Code\User\globalStorage\redhat.java\1.37.0\config_ss_win\org.eclipse.equinox.launcher\org.eclipse.equinox.launcher.win32.win32.x86_64_1.2.1100.v20240722-2106\eclipse_11904.dll
0x00007ffc2a870000 - 0x00007ffc2aa15000 	C:\WINDOWS\System32\ole32.dll
0x00007ffc284c0000 - 0x00007ffc284db000 	C:\WINDOWS\SYSTEM32\CRYPTSP.dll
0x00007ffc27d20000 - 0x00007ffc27d55000 	C:\WINDOWS\system32\rsaenh.dll
0x00007ffc28360000 - 0x00007ffc28388000 	C:\WINDOWS\SYSTEM32\USERENV.dll
0x00007ffc284e0000 - 0x00007ffc284ec000 	C:\WINDOWS\SYSTEM32\CRYPTBASE.dll
0x00007ffc27860000 - 0x00007ffc2788d000 	C:\WINDOWS\SYSTEM32\IPHLPAPI.DLL
0x00007ffc2a190000 - 0x00007ffc2a199000 	C:\WINDOWS\System32\NSI.dll
0x00007ffc23e90000 - 0x00007ffc23ea9000 	C:\WINDOWS\SYSTEM32\dhcpcsvc6.DLL
0x00007ffc23e70000 - 0x00007ffc23e8f000 	C:\WINDOWS\SYSTEM32\dhcpcsvc.DLL
0x00007ffc27890000 - 0x00007ffc27988000 	C:\WINDOWS\SYSTEM32\DNSAPI.dll
0x00007ffc079e0000 - 0x00007ffc07a29000 	C:\Users\Alizha\AppData\Local\Temp\jna-1963883701\jna18265761068257422066.dll
0x00007ffc2a5e0000 - 0x00007ffc2a5e8000 	C:\WINDOWS\System32\PSAPI.DLL
0x00007ffc1a3c0000 - 0x00007ffc1a3ce000 	C:\Users\Alizha\.vscode\extensions\redhat.java-1.37.0-win32-x64\jre\17.0.13-win32-x86_64\bin\sunmscapi.dll
0x00007ffc28df0000 - 0x00007ffc28f57000 	C:\WINDOWS\System32\CRYPT32.dll
0x00007ffc28680000 - 0x00007ffc286ae000 	C:\WINDOWS\SYSTEM32\ncrypt.dll
0x00007ffc28640000 - 0x00007ffc28677000 	C:\WINDOWS\SYSTEM32\NTASN1.dll
0x00007ffc242d0000 - 0x00007ffc242da000 	C:\Windows\System32\rasadhlp.dll

dbghelp: loaded successfully - version: 4.0.5 - missing functions: none
symbol engine: initialized successfully - sym options: 0x614 - pdb path: .;c:\Users\Alizha\.vscode\extensions\redhat.java-1.37.0-win32-x64\jre\17.0.13-win32-x86_64\bin;C:\WINDOWS\SYSTEM32;C:\WINDOWS\WinSxS\amd64_microsoft.windows.common-controls_6595b64144ccf1df_6.0.22621.3672_none_2713b9d173822955;c:\Users\Alizha\.vscode\extensions\redhat.java-1.37.0-win32-x64\jre\17.0.13-win32-x86_64\bin\server;C:\Users\Alizha\AppData\Roaming\Code\User\globalStorage\redhat.java\1.37.0\config_ss_win\org.eclipse.equinox.launcher\org.eclipse.equinox.launcher.win32.win32.x86_64_1.2.1100.v20240722-2106;C:\Users\Alizha\AppData\Local\Temp\jna-1963883701

VM Arguments:
jvm_args: --add-modules=ALL-SYSTEM --add-opens=java.base/java.util=ALL-UNNAMED --add-opens=java.base/java.lang=ALL-UNNAMED --add-opens=java.base/sun.nio.fs=ALL-UNNAMED -Declipse.application=org.eclipse.jdt.ls.core.id1 -Dosgi.bundles.defaultStartLevel=4 -Declipse.product=org.eclipse.jdt.ls.core.product -Djava.import.generatesMetadataFilesAtProjectRoot=false -DDetectVMInstallationsJob.disabled=true -Dfile.encoding=utf8 -XX:+UseParallelGC -XX:GCTimeRatio=4 -XX:AdaptiveSizePolicyWeight=90 -Dsun.zip.disableMemoryMapping=true -Xmx1G -Xms100m -Xlog:disable -javaagent:c:\Users\Alizha\.vscode\extensions\redhat.java-1.37.0-win32-x64\lombok\lombok-1.18.34.jar 
java_command: c:\Users\Alizha\.vscode\extensions\redhat.java-1.37.0-win32-x64\server\plugins\org.eclipse.equinox.launcher_1.6.900.v20240613-2009.jar -configuration c:\Users\Alizha\AppData\Roaming\Code\User\globalStorage\redhat.java\1.37.0\config_ss_win -data c:\Users\Alizha\AppData\Roaming\Code\User\workspaceStorage\b933b82a6e2ba089fa415a10e976fc02\redhat.java\ss_ws --pipe=\\.\pipe\lsp-b671f2422a8c61cca59af1f4e5d3a91d-sock
java_class_path (initial): c:\Users\Alizha\.vscode\extensions\redhat.java-1.37.0-win32-x64\server\plugins\org.eclipse.equinox.launcher_1.6.900.v20240613-2009.jar
Launcher Type: SUN_STANDARD

[Global flags]
    uintx AdaptiveSizePolicyWeight                 = 90                                        {product} {command line}
     intx CICompilerCount                          = 4                                         {product} {ergonomic}
    uintx GCTimeRatio                              = 4                                         {product} {command line}
   size_t InitialHeapSize                          = 104857600                                 {product} {command line}
   size_t MaxHeapSize                              = 1073741824                                {product} {command line}
   size_t MaxNewSize                               = 357564416                                 {product} {ergonomic}
   size_t MinHeapDeltaBytes                        = 524288                                    {product} {ergonomic}
   size_t MinHeapSize                              = 104857600                                 {product} {command line}
   size_t NewSize                                  = 34603008                                  {product} {ergonomic}
    uintx NonNMethodCodeHeapSize                   = 5839372                                {pd product} {ergonomic}
    uintx NonProfiledCodeHeapSize                  = 122909434                              {pd product} {ergonomic}
   size_t OldSize                                  = 70254592                                  {product} {ergonomic}
    uintx ProfiledCodeHeapSize                     = 122909434                              {pd product} {ergonomic}
    uintx ReservedCodeCacheSize                    = 251658240                              {pd product} {ergonomic}
     bool SegmentedCodeCache                       = true                                      {product} {ergonomic}
   size_t SoftMaxHeapSize                          = 1073741824                             {manageable} {ergonomic}
     bool UseCompressedClassPointers               = true                           {product lp64_product} {ergonomic}
     bool UseCompressedOops                        = true                           {product lp64_product} {ergonomic}
     bool UseLargePagesIndividualAllocation        = false                                  {pd product} {ergonomic}
     bool UseParallelGC                            = true                                      {product} {command line}

Logging:
Log output configuration:
 #0: stdout all=off uptime,level,tags
 #1: stderr all=off uptime,level,tags

Environment Variables:
JAVA_HOME=C:\Program Files\Java\jdk-21
PATH=C:\Program Files (x86)\Common Files\Oracle\Java\javapath;C:\Program Files\PostgreSQL\15\bin;C:\WINDOWS\system32;C:\WINDOWS;C:\WINDOWS\System32\Wbem;C:\WINDOWS\System32\WindowsPowerShell\v1.0\;C:\WINDOWS\System32\OpenSSH\;C:\Program Files\kotlinc\bin;C:\Program Files\PuTTY\;C:\Program Files\Git\cmd;D:\;C:\Program Files\Docker\Docker\resources\bin;C:\Program Files\Maven\apache-maven-3.9.9\bin;C:\Program Files\Java\jdk-21\bin;C:\Program Files\Java\jdk-21\bin;C:\Users\Alizha\AppData\Local\Programs\Python\Python39\Scripts\;C:\Users\Alizha\AppData\Local\Programs\Python\Python39\;C:\Users\Alizha\AppData\Local\Microsoft\WindowsApps;D:\Microsoft VS Code\bin;C:\Program Files\Git;C:\Users\Alizha\c sosi\MinGW\bin;C:\Users\Alizha\Flutter\flutter_windows_3.3.7-stable\flutter\bin;C:\Users\Alizha\AppData\Roaming\npm;D:\node_modules\npm\bin;C:\Users\Alizha\AppData\Local\Google\Cloud SDK\google-cloud-sdk\bin;
USERNAME=Alizha
OS=Windows_NT
PROCESSOR_IDENTIFIER=AMD64 Family 23 Model 104 Stepping 1, AuthenticAMD
TMP=C:\Users\Alizha\AppData\Local\Temp
TEMP=C:\Users\Alizha\AppData\Local\Temp



Periodic native trim disabled


---------------  S Y S T E M  ---------------

OS:
 Windows 11 , 64 bit Build 22621 (10.0.22621.3672)
OS uptime: 8 days 12:18 hours
Hyper-V role detected

CPU: total 12 (initial active 12) (12 cores per cpu, 2 threads per core) family 23 model 104 stepping 1 microcode 0x0, cx8, cmov, fxsr, ht, mmx, 3dnowpref, sse, sse2, sse3, ssse3, sse4a, sse4.1, sse4.2, popcnt, lzcnt, tsc, tscinvbit, avx, avx2, aes, clmul, bmi1, bmi2, adx, sha, fma, vzeroupper, clflush, clflushopt, hv
Processor Information for processor 0
  Max Mhz: 2100, Current Mhz: 2100, Mhz Limit: 2100
Processor Information for processor 1
  Max Mhz: 2100, Current Mhz: 1988, Mhz Limit: 2100
Processor Information for processor 2
  Max Mhz: 2100, Current Mhz: 2100, Mhz Limit: 2100
Processor Information for processor 3
  Max Mhz: 2100, Current Mhz: 1988, Mhz Limit: 2100
Processor Information for processor 4
  Max Mhz: 2100, Current Mhz: 2100, Mhz Limit: 2100
Processor Information for processor 5
  Max Mhz: 2100, Current Mhz: 1988, Mhz Limit: 2100
Processor Information for processor 6
  Max Mhz: 2100, Current Mhz: 2100, Mhz Limit: 2100
Processor Information for processor 7
  Max Mhz: 2100, Current Mhz: 1988, Mhz Limit: 2100
Processor Information for processor 8
  Max Mhz: 2100, Current Mhz: 2100, Mhz Limit: 2100
Processor Information for processor 9
  Max Mhz: 2100, Current Mhz: 2100, Mhz Limit: 2100
Processor Information for processor 10
  Max Mhz: 2100, Current Mhz: 1988, Mhz Limit: 2100
Processor Information for processor 11
  Max Mhz: 2100, Current Mhz: 1988, Mhz Limit: 2100

Memory: 4k page, system-wide physical 6005M (434M free)
TotalPageFile size 24437M (AvailPageFile size 5M)
current process WorkingSet (physical memory assigned to process): 306M, peak: 314M
current process commit charge ("private bytes"): 349M, peak: 353M

vm_info: OpenJDK 64-Bit Server VM (17.0.13+11) for windows-amd64 JRE (17.0.13+11), built on Oct 16 2024 00:10:08 by "admin" with MS VC++ 17.7 (VS2022)

END.
